Arguments: 
  C:\Program Files\nodejs\node.exe C:\Users\75196\AppData\Roaming\npm\node_modules\yarn\bin\yarn.js add react-native-static-safe-area-insets

PATH: 
  C:\Program Files (x86)\VMware\VMware Workstation\bin\;C:\Program Files (x86)\IntelSWTools\system_studio_2020\OpenCL\sdk\bin\x64;C:\Program Files (x86)\IntelSWTools\system_studio_2020\OpenCL\sdk\bin\x86;C:\Program Files (x86)\IntelSWTools\system_studio_2020\OpenCL\sdk\bin\Pin;C:\Program Files (x86)\IntelSWTools\system_studio_2020\OpenCL\sdk\bin\GTPin;C:\Program Files (x86)\Common Files\Oracle\Java\javapath;C:\LLVM\bin;C:\texlive\2019\bin\win32;C:\Windows\System32;C:\Windows\SysWOW64;C:\Program Files\R\R-3.6.1\bin\R.exe;C:\Program Files\R\R-3.6.1\bin\x64\R.exe;C:\Program Files\R\R-3.6.1\bin\Rscript.exe;C:\Program Files\R\R-3.6.1\bin\x64\Rscript.exe;C:\Program Files\Git\cmd;C:\Users\75196\Downloads\C&VScode\VSCode-win32-x64-1.36\bin;C:\Program Files\Java\jdk1.8.0_202\bin;C:\Program Files\Java\jdk1.8.0_202\jre\bin;C:\Users\75196\AppData\Roaming\Python\Python37\Scripts;C:\Program Files\dotnet\;C:\UnxUtils\usr\local\wbin;C:\WINDOWS\system32;C:\WINDOWS;C:\WINDOWS\System32\Wbem;C:\WINDOWS\System32\WindowsPowerShell\v1.0\;C:\WINDOWS\System32\OpenSSH\;C:\Program Files\PuTTY\;C:\Program Files\nodejs\;C:\Users\75196\AppData\Local\Programs\Python\Python37\Scripts\;C:\Users\75196\AppData\Local\Programs\Python\Python37\;C:\Users\75196\AppData\Local\Microsoft\WindowsApps;C:\Users\75196\Downloads\graphviz-2.38\release\bin;C:\Users\75196\Downloads\graphviz-2.38\release\bin\dot.exe;C:\Users\75196\Downloads\C&VScode\VSCode-win32-x64-1.36\bin;C:\Program Files (x86)\UnxUtils\usr\local\wbin;;C:\Users\75196\AppData\Local\Microsoft\WindowsApps;C:\Users\75196\AppData\Roaming\npm;C:\Program Files\JetBrains\IntelliJ IDEA 2021.2.2\bin;

Yarn version: 
  1.22.17

Node version: 
  16.9.0

Platform: 
  win32 x64

Trace: 
  Error: https://registry.yarnpkg.com/@expo%2fvector-icons: tunneling socket could not be established, statusCode=400
      at ClientRequest.onConnect (C:\Users\75196\AppData\Roaming\npm\node_modules\yarn\lib\cli.js:152358:19)
      at Object.onceWrapper (node:events:514:26)
      at ClientRequest.emit (node:events:394:28)
      at Socket.socketOnData (node:_http_client:525:11)
      at Socket.emit (node:events:394:28)
      at addChunk (node:internal/streams/readable:315:12)
      at readableAddChunk (node:internal/streams/readable:289:9)
      at Socket.Readable.push (node:internal/streams/readable:228:10)
      at TCP.onStreamRead (node:internal/stream_base_commons:199:23)

npm manifest: 
  {
    "main": "node_modules/expo/AppEntry.js",
    "scripts": {
      "start": "expo start",
      "android": "expo start --android",
      "ios": "expo start --ios",
      "web": "expo start --web",
      "eject": "expo eject"
    },
    "dependencies": {
      "@expo/vector-icons": "^12.0.0",
      "@react-native-community/slider": "^4.1.7",
      "@react-native-picker/picker": "^2.1.0",
      "@react-navigation/native": "6.0.0",
      "@react-navigation/stack": "*",
      "expo": "~43.0.2",
      "expo-constants": "~12.1.3",
      "expo-status-bar": "~1.1.0",
      "prop-types": "*",
      "react": "17.0.1",
      "react-dom": "17.0.1",
      "react-native": "0.64.3",
      "react-native-color-picker": "*",
      "react-native-gesture-handler": "~1.10.2",
      "react-native-paper": "4.9.2",
      "react-native-safe-area-context": "3.3.2",
      "react-native-screens": "~3.8.0",
      "react-native-web": "0.17.1",
      "styled-components": "^5.3.3"
    },
    "devDependencies": {
      "@babel/core": "^7.12.9"
    },
    "private": true
  }

yarn manifest: 
  No manifest

Lockfile: 
  No lockfile
